<?xml version="1.0" encoding="UTF-8"?>
<testsuites name="test-suite-checkout-pisos-no-client" time="204.346" tests="1" failures="0" errors="0">
   <testsuite name="test-suite-checkout-pisos-no-client" tests="1" failures="0" errors="0" time="204.346" skipped="0" timestamp="2022-11-25 13:01:49" hostname="alvaromendoza - 192.168.1.137" id="Test Suites/test-suite-checkout-pisos-no-client">
      <properties>
         <property name="deviceName" value=""/>
         <property name="devicePlatform" value=""/>
         <property name="logFolder" value="/Users/alvaromendoza/Documents/work/masmovil/alarmas/testing/katalon/katalon/Reports/20221125_125857/test-suite-checkout-pisos-no-client/20221125_125958"/>
         <property name="logFiles" value="/Users/alvaromendoza/Documents/work/masmovil/alarmas/testing/katalon/katalon/Reports/20221125_125857/test-suite-checkout-pisos-no-client/20221125_125958/execution0.log"/>
         <property name="attachments" value="/Users/alvaromendoza/Documents/work/masmovil/alarmas/testing/katalon/katalon/Reports/20221125_125857/test-suite-checkout-pisos-no-client/20221125_125958/1669377787876.png, /Users/alvaromendoza/Documents/work/masmovil/alarmas/testing/katalon/katalon/Reports/20221125_125857/test-suite-checkout-pisos-no-client/20221125_125958/1669377863852.png"/>
         <property name="hostName" value="alvaromendoza - 192.168.1.137"/>
         <property name="os" value="Mac OS X 64bit"/>
         <property name="katalonVersion" value="8.5.2.208"/>
         <property name="browser" value="Chrome 107.0.0.0"/>
         <property name="hostAddress" value="192.168.1.137"/>
         <property name="sessionId" value="72f3aeabbcad7ea78b6596557c0bab13"/>
         <property name="seleniumVersion" value="3.141.59"/>
         <property name="proxyInformation" value="ProxyInformation { proxyOption=NO_PROXY, proxyServerType=HTTP, username=, password=********, proxyServerAddress=, proxyServerPort=0, executionList=&quot;&quot;, isApplyToDesiredCapabilities=true }"/>
         <property name="platform" value="Mac OS X"/>
      </properties>
      <testcase name="Test Cases/homego-pisos-checkout" time="49.858" classname="Test Cases/homego-pisos-checkout" status="PASSED">
         <system-out><![CDATA[2022-11-25 13:04:24 - [TEST_CASE][PASSED] - Test Cases/homego-pisos-checkout: Test Cases/homego-pisos-checkout

2022-11-25 13:04:24 - [TEST_STEP][PASSED] - openBrowser("https://yoigo-alarms-frontend.dev.k8s.masmovil.com/"): Browser is opened with url: 'https://yoigo-alarms-frontend.dev.k8s.masmovil.com/'

2022-11-25 13:04:24 - [MESSAGE][WARNING] - A browser is already opened. Closing browser and opening a new one

2022-11-25 13:04:24 - [MESSAGE][INFO] - Starting 'Chrome' driver

2022-11-25 13:04:24 - [MESSAGE][INFO] - Action delay is set to 0 milliseconds

2022-11-25 13:04:40 - [MESSAGE][PASSED] - Browser is opened with url: 'https://yoigo-alarms-frontend.dev.k8s.masmovil.com/'

2022-11-25 13:04:40 - [TEST_STEP][PASSED] - click(findTestObject("Object Repository/Page_Alarmas en Espaa - HomeGO de Yoigo/button_Aceptar")): Object: 'Object Repository/Page_Alarmas en Espaa - HomeGO de Yoigo/button_Aceptar' is clicked on

2022-11-25 13:04:42 - [MESSAGE][PASSED] - Object: 'Object Repository/Page_Alarmas en Espaa - HomeGO de Yoigo/button_Aceptar' is clicked on

2022-11-25 13:04:42 - [TEST_STEP][PASSED] - click(findTestObject("Object Repository/Page_Alarmas en Espaa - HomeGO de Yoigo/a_Ms info")): Object: 'Object Repository/Page_Alarmas en Espaa - HomeGO de Yoigo/a_Ms info' is clicked on

2022-11-25 13:04:47 - [MESSAGE][PASSED] - Object: 'Object Repository/Page_Alarmas en Espaa - HomeGO de Yoigo/a_Ms info' is clicked on

2022-11-25 13:04:47 - [TEST_STEP][PASSED] - click(findTestObject("Object Repository/Page_Alarma para pisos Desde 29,90mes  Yoigo/button_No soy clienteAn no eres cliente Yoigo")): Object: 'Object Repository/Page_Alarma para pisos Desde 29,90mes  Yoigo/button_No soy clienteAn no eres cliente Yoigo' is clicked on

2022-11-25 13:04:51 - [MESSAGE][PASSED] - Object: 'Object Repository/Page_Alarma para pisos Desde 29,90mes  Yoigo/button_No soy clienteAn no eres cliente Yoigo' is clicked on

2022-11-25 13:04:51 - [TEST_STEP][PASSED] - click(findTestObject("Object Repository/Page_Alarma para pisos Desde 29,90mes  Yoigo/a_Lo quiero")): Object: 'Object Repository/Page_Alarma para pisos Desde 29,90mes  Yoigo/a_Lo quiero' is clicked on

2022-11-25 13:04:52 - [MESSAGE][PASSED] - Object: 'Object Repository/Page_Alarma para pisos Desde 29,90mes  Yoigo/a_Lo quiero' is clicked on

2022-11-25 13:04:52 - [TEST_STEP][PASSED] - setText(findTestObject("Object Repository/Page_HomeGO/input_An no eres cliente Yoigo_name"), "testpnc"): Text 'testpnc' is set on object 'Object Repository/Page_HomeGO/input_An no eres cliente Yoigo_name'

2022-11-25 13:04:55 - [MESSAGE][PASSED] - Text 'testpnc' is set on object 'Object Repository/Page_HomeGO/input_An no eres cliente Yoigo_name'

2022-11-25 13:04:55 - [TEST_STEP][PASSED] - setText(findTestObject("Object Repository/Page_HomeGO/input_Nombre y apellidos_phone"), "689209341"): Text '689209341' is set on object 'Object Repository/Page_HomeGO/input_Nombre y apellidos_phone'

2022-11-25 13:04:56 - [MESSAGE][PASSED] - Text '689209341' is set on object 'Object Repository/Page_HomeGO/input_Nombre y apellidos_phone'

2022-11-25 13:04:56 - [TEST_STEP][PASSED] - setText(findTestObject("Object Repository/Page_HomeGO/input_Tu mvil Yoigo_email"), "testpnc@gmail.com"): Text 'testpnc@gmail.com' is set on object 'Object Repository/Page_HomeGO/input_Tu mvil Yoigo_email'

2022-11-25 13:04:58 - [MESSAGE][PASSED] - Text 'testpnc@gmail.com' is set on object 'Object Repository/Page_HomeGO/input_Tu mvil Yoigo_email'

2022-11-25 13:04:58 - [TEST_STEP][PASSED] - click(findTestObject("Object Repository/Page_HomeGO/input_Tu e-mail_legal")): Object: 'Object Repository/Page_HomeGO/input_Tu e-mail_legal' is clicked on

2022-11-25 13:04:58 - [MESSAGE][PASSED] - Object: 'Object Repository/Page_HomeGO/input_Tu e-mail_legal' is clicked on

2022-11-25 13:04:58 - [TEST_STEP][PASSED] - click(findTestObject("Object Repository/Page_HomeGO/button_Confirmar")): Object: 'Object Repository/Page_HomeGO/button_Confirmar' is clicked on

2022-11-25 13:04:59 - [MESSAGE][PASSED] - Object: 'Object Repository/Page_HomeGO/button_Confirmar' is clicked on

2022-11-25 13:04:59 - [TEST_STEP][PASSED] - setText(findTestObject("Object Repository/Page_HomeGO/input_Tipo de documento_docNumber"), "90160253T"): Text '90160253T' is set on object 'Object Repository/Page_HomeGO/input_Tipo de documento_docNumber'

2022-11-25 13:05:01 - [MESSAGE][PASSED] - Text '90160253T' is set on object 'Object Repository/Page_HomeGO/input_Tipo de documento_docNumber'

2022-11-25 13:05:01 - [TEST_STEP][PASSED] - setText(findTestObject("Object Repository/Page_HomeGO/input_Nombre de la empresa_postalCode"), "28050"): Text '28050' is set on object 'Object Repository/Page_HomeGO/input_Nombre de la empresa_postalCode'

2022-11-25 13:05:02 - [MESSAGE][PASSED] - Text '28050' is set on object 'Object Repository/Page_HomeGO/input_Nombre de la empresa_postalCode'

2022-11-25 13:05:02 - [TEST_STEP][PASSED] - setText(findTestObject("Object Repository/Page_HomeGO/input_Cdigo postal_province"), "madrid"): Text 'madrid' is set on object 'Object Repository/Page_HomeGO/input_Cdigo postal_province'

2022-11-25 13:05:03 - [MESSAGE][PASSED] - Text 'madrid' is set on object 'Object Repository/Page_HomeGO/input_Cdigo postal_province'

2022-11-25 13:05:03 - [TEST_STEP][PASSED] - setText(findTestObject("Object Repository/Page_HomeGO/input_Provincia_city"), "madrid"): Text 'madrid' is set on object 'Object Repository/Page_HomeGO/input_Provincia_city'

2022-11-25 13:05:04 - [MESSAGE][PASSED] - Text 'madrid' is set on object 'Object Repository/Page_HomeGO/input_Provincia_city'

2022-11-25 13:05:04 - [TEST_STEP][PASSED] - setText(findTestObject("Object Repository/Page_HomeGO/input_Localidad_type"), "Calle"): Text 'Calle' is set on object 'Object Repository/Page_HomeGO/input_Localidad_type'

2022-11-25 13:05:05 - [MESSAGE][PASSED] - Text 'Calle' is set on object 'Object Repository/Page_HomeGO/input_Localidad_type'

2022-11-25 13:05:05 - [TEST_STEP][PASSED] - setText(findTestObject("Object Repository/Page_HomeGO/input_An no eres cliente Yoigo_name"), "Pintor antonio Saura"): Text 'Pintor antonio Saura' is set on object 'Object Repository/Page_HomeGO/input_An no eres cliente Yoigo_name'

2022-11-25 13:05:06 - [MESSAGE][PASSED] - Text 'Pintor antonio Saura' is set on object 'Object Repository/Page_HomeGO/input_An no eres cliente Yoigo_name'

2022-11-25 13:05:06 - [TEST_STEP][PASSED] - setText(findTestObject("Object Repository/Page_HomeGO/input_Nombre de la va_number"), "14"): Text '14' is set on object 'Object Repository/Page_HomeGO/input_Nombre de la va_number'

2022-11-25 13:05:07 - [MESSAGE][PASSED] - Text '14' is set on object 'Object Repository/Page_HomeGO/input_Nombre de la va_number'

2022-11-25 13:05:07 - [TEST_STEP][PASSED] - click(findTestObject("Object Repository/Page_HomeGO/button_Continuar")): Object: 'Object Repository/Page_HomeGO/button_Continuar' is clicked on

2022-11-25 13:05:11 - [MESSAGE][PASSED] - Object: 'Object Repository/Page_HomeGO/button_Continuar' is clicked on

2022-11-25 13:05:11 - [TEST_STEP][PASSED] - setText(findTestObject("Object Repository/Page_HomeGO/input_Datos de pago y confirmacin_iban"), "ES5600495298990058356710"): Text 'ES5600495298990058356710' is set on object 'Object Repository/Page_HomeGO/input_Datos de pago y confirmacin_iban'

2022-11-25 13:05:12 - [MESSAGE][PASSED] - Text 'ES5600495298990058356710' is set on object 'Object Repository/Page_HomeGO/input_Datos de pago y confirmacin_iban'

2022-11-25 13:05:12 - [TEST_STEP][PASSED] - click(findTestObject("Object Repository/Page_HomeGO/input_Tu e-mail_legal")): Object: 'Object Repository/Page_HomeGO/input_Tu e-mail_legal' is clicked on

2022-11-25 13:05:13 - [MESSAGE][PASSED] - Object: 'Object Repository/Page_HomeGO/input_Tu e-mail_legal' is clicked on

2022-11-25 13:05:13 - [TEST_STEP][PASSED] - click(findTestObject("Object Repository/Page_HomeGO/button_Confirmar el pedido")): Object: 'Object Repository/Page_HomeGO/button_Confirmar el pedido' is clicked on

2022-11-25 13:05:13 - [MESSAGE][PASSED] - Object: 'Object Repository/Page_HomeGO/button_Confirmar el pedido' is clicked on

2022-11-25 13:05:13 - [TEST_STEP][PASSED] - closeBrowser(): Browser is closed

2022-11-25 13:05:13 - [MESSAGE][PASSED] - Browser is closed]]></system-out>
         <system-err><![CDATA[]]></system-err>
      </testcase>
      <system-out><![CDATA[2022-11-25 13:01:49 - [TEST_SUITE][FAILED] - test-suite-checkout-pisos-no-client: Test Cases/homego-pisos-checkout FAILED.
Reason:
com.kms.katalon.core.exception.StepFailedException: Unable to click on object 'Object Repository/Page_HomeGO/button_Continuar'
	at com.kms.katalon.core.webui.keyword.internal.WebUIKeywordMain.stepFailed(WebUIKeywordMain.groovy:64)
	at com.kms.katalon.core.webui.keyword.internal.WebUIKeywordMain.runKeyword(WebUIKeywordMain.groovy:26)
	at com.kms.katalon.core.webui.keyword.builtin.ClickKeyword.click(ClickKeyword.groovy:74)
	at com.kms.katalon.core.webui.keyword.builtin.ClickKeyword.execute(ClickKeyword.groovy:40)
	at com.kms.katalon.core.keyword.internal.KeywordExecutor.executeKeywordForPlatform(KeywordExecutor.groovy:74)
	at com.kms.katalon.core.webui.keyword.WebUiBuiltInKeywords.click(WebUiBuiltInKeywords.groovy:620)
	at com.kms.katalon.core.webui.keyword.WebUiBuiltInKeywords$click$0.call(Unknown Source)
	at homego-pisos-checkout.run(homego-pisos-checkout:54)
	at com.kms.katalon.core.main.ScriptEngine.run(ScriptEngine.java:194)
	at com.kms.katalon.core.main.ScriptEngine.runScriptAsRawText(ScriptEngine.java:119)
	at com.kms.katalon.core.main.TestCaseExecutor.runScript(TestCaseExecutor.java:448)
	at com.kms.katalon.core.main.TestCaseExecutor.doExecute(TestCaseExecutor.java:439)
	at com.kms.katalon.core.main.TestCaseExecutor.processExecutionPhase(TestCaseExecutor.java:418)
	at com.kms.katalon.core.main.TestCaseExecutor.accessMainPhase(TestCaseExecutor.java:410)
	at com.kms.katalon.core.main.TestCaseExecutor.execute(TestCaseExecutor.java:285)
	at com.kms.katalon.core.common.CommonExecutor.accessTestCaseMainPhase(CommonExecutor.java:65)
	at com.kms.katalon.core.main.TestSuiteExecutor.accessTestSuiteMainPhase(TestSuiteExecutor.java:151)
	at com.kms.katalon.core.main.TestSuiteExecutor.execute(TestSuiteExecutor.java:106)
	at com.kms.katalon.core.main.TestCaseMain.startTestSuite(TestCaseMain.java:185)
	at com.kms.katalon.core.main.TestCaseMain$startTestSuite$0.call(Unknown Source)
	at TempTestSuite1669377598507.run(TempTestSuite1669377598507.groovy:36)
Caused by: org.openqa.selenium.ElementClickInterceptedException: element click intercepted: Element <button class="
      undefined
      button_base__L57y3
      button_contained__HHfv_
      button_medium__VxgiQ
      undefined
      undefined
      button__body1__tIrcS
      __press
    ">...</button> is not clickable at point (196, 825). Other element would receive the click: <div id="BysideWindowBySideData_6380aec1398ef" class="BysideWindow" style="visibility: hidden;">...</div>
  (Session info: chrome=107.0.5304.110)
Build info: version: '3.141.59', revision: 'e82be7d358', time: '2018-11-14T08:25:53'
System info: host: 'Alvaro-Pedro-Mendoza-A213.local', ip: '2a0c:5a82:b201:5f00:3807:158d:9385:10bb%en0', os.name: 'Mac OS X', os.arch: 'x86_64', os.version: '10.16', java.version: '1.8.0_275'
Driver info: com.kms.katalon.selenium.driver.CChromeDriver
Capabilities {acceptInsecureCerts: false, browserName: chrome, browserVersion: 107.0.5304.110, chrome: {chromedriverVersion: 107.0.5304.62 (1eec40d3a576..., userDataDir: /var/folders/hx/45_4ph1947v...}, goog:chromeOptions: {debuggerAddress: localhost:57383}, javascriptEnabled: true, networkConnectionEnabled: false, pageLoadStrategy: normal, platform: MAC, platformName: MAC, proxy: Proxy(), setWindowRect: true, strictFileInteractability: false, timeouts: {implicit: 0, pageLoad: 300000, script: 30000}, unhandledPromptBehavior: dismiss and notify, webauthn:extension:credBlob: true, webauthn:extension:largeBlob: true, webauthn:virtualAuthenticators: true}
Session ID: b5eb30b6d5384ad819da6faf31224e2e
	at org.openqa.selenium.remote.http.W3CHttpResponseCodec.createException(W3CHttpResponseCodec.java:187)
	at org.openqa.selenium.remote.http.W3CHttpResponseCodec.decode(W3CHttpResponseCodec.java:122)
	at org.openqa.selenium.remote.http.W3CHttpResponseCodec.decode(W3CHttpResponseCodec.java:49)
	at org.openqa.selenium.remote.HttpCommandExecutor.execute(HttpCommandExecutor.java:158)
	at org.openqa.selenium.remote.service.DriverCommandExecutor.execute(DriverCommandExecutor.java:83)
	at org.openqa.selenium.remote.RemoteWebDriver.execute(RemoteWebDriver.java:552)
	at com.kms.katalon.selenium.driver.CChromeDriver.execute(CChromeDriver.java:19)
	at org.openqa.selenium.remote.RemoteWebElement.execute(RemoteWebElement.java:285)
	at org.openqa.selenium.remote.RemoteWebElement.click(RemoteWebElement.java:84)
	at org.openqa.selenium.support.events.EventFiringWebDriver$EventFiringWebElement.lambda$new$0(EventFiringWebDriver.java:404)
	at com.sun.proxy.$Proxy11.click(Unknown Source)
	at org.openqa.selenium.support.events.EventFiringWebDriver$EventFiringWebElement.click(EventFiringWebDriver.java:417)
	at org.openqa.selenium.WebElement$click.call(Unknown Source)
	at com.kms.katalon.core.webui.keyword.builtin.ClickKeyword.clickUntilSuccessWithTimeout(ClickKeyword.groovy:81)
	at com.kms.katalon.core.webui.keyword.builtin.ClickKeyword.clickUntilSuccessWithTimeout(ClickKeyword.groovy)
	at com.kms.katalon.core.webui.keyword.builtin.ClickKeyword$_click_closure1.doCall(ClickKeyword.groovy:67)
	at com.kms.katalon.core.webui.keyword.builtin.ClickKeyword$_click_closure1.call(ClickKeyword.groovy)
	at com.kms.katalon.core.webui.keyword.internal.WebUIKeywordMain.runKeyword(WebUIKeywordMain.groovy:20)
	... 19 more]]></system-out>
      <system-err><![CDATA[2022-11-25 13:01:49 - [TEST_SUITE][FAILED] - test-suite-checkout-pisos-no-client: Test Cases/homego-pisos-checkout FAILED.
Reason:
com.kms.katalon.core.exception.StepFailedException: Unable to click on object 'Object Repository/Page_HomeGO/button_Continuar'
	at com.kms.katalon.core.webui.keyword.internal.WebUIKeywordMain.stepFailed(WebUIKeywordMain.groovy:64)
	at com.kms.katalon.core.webui.keyword.internal.WebUIKeywordMain.runKeyword(WebUIKeywordMain.groovy:26)
	at com.kms.katalon.core.webui.keyword.builtin.ClickKeyword.click(ClickKeyword.groovy:74)
	at com.kms.katalon.core.webui.keyword.builtin.ClickKeyword.execute(ClickKeyword.groovy:40)
	at com.kms.katalon.core.keyword.internal.KeywordExecutor.executeKeywordForPlatform(KeywordExecutor.groovy:74)
	at com.kms.katalon.core.webui.keyword.WebUiBuiltInKeywords.click(WebUiBuiltInKeywords.groovy:620)
	at com.kms.katalon.core.webui.keyword.WebUiBuiltInKeywords$click$0.call(Unknown Source)
	at homego-pisos-checkout.run(homego-pisos-checkout:54)
	at com.kms.katalon.core.main.ScriptEngine.run(ScriptEngine.java:194)
	at com.kms.katalon.core.main.ScriptEngine.runScriptAsRawText(ScriptEngine.java:119)
	at com.kms.katalon.core.main.TestCaseExecutor.runScript(TestCaseExecutor.java:448)
	at com.kms.katalon.core.main.TestCaseExecutor.doExecute(TestCaseExecutor.java:439)
	at com.kms.katalon.core.main.TestCaseExecutor.processExecutionPhase(TestCaseExecutor.java:418)
	at com.kms.katalon.core.main.TestCaseExecutor.accessMainPhase(TestCaseExecutor.java:410)
	at com.kms.katalon.core.main.TestCaseExecutor.execute(TestCaseExecutor.java:285)
	at com.kms.katalon.core.common.CommonExecutor.accessTestCaseMainPhase(CommonExecutor.java:65)
	at com.kms.katalon.core.main.TestSuiteExecutor.accessTestSuiteMainPhase(TestSuiteExecutor.java:151)
	at com.kms.katalon.core.main.TestSuiteExecutor.execute(TestSuiteExecutor.java:106)
	at com.kms.katalon.core.main.TestCaseMain.startTestSuite(TestCaseMain.java:185)
	at com.kms.katalon.core.main.TestCaseMain$startTestSuite$0.call(Unknown Source)
	at TempTestSuite1669377598507.run(TempTestSuite1669377598507.groovy:36)
Caused by: org.openqa.selenium.ElementClickInterceptedException: element click intercepted: Element <button class="
      undefined
      button_base__L57y3
      button_contained__HHfv_
      button_medium__VxgiQ
      undefined
      undefined
      button__body1__tIrcS
      __press
    ">...</button> is not clickable at point (196, 825). Other element would receive the click: <div id="BysideWindowBySideData_6380aec1398ef" class="BysideWindow" style="visibility: hidden;">...</div>
  (Session info: chrome=107.0.5304.110)
Build info: version: '3.141.59', revision: 'e82be7d358', time: '2018-11-14T08:25:53'
System info: host: 'Alvaro-Pedro-Mendoza-A213.local', ip: '2a0c:5a82:b201:5f00:3807:158d:9385:10bb%en0', os.name: 'Mac OS X', os.arch: 'x86_64', os.version: '10.16', java.version: '1.8.0_275'
Driver info: com.kms.katalon.selenium.driver.CChromeDriver
Capabilities {acceptInsecureCerts: false, browserName: chrome, browserVersion: 107.0.5304.110, chrome: {chromedriverVersion: 107.0.5304.62 (1eec40d3a576..., userDataDir: /var/folders/hx/45_4ph1947v...}, goog:chromeOptions: {debuggerAddress: localhost:57383}, javascriptEnabled: true, networkConnectionEnabled: false, pageLoadStrategy: normal, platform: MAC, platformName: MAC, proxy: Proxy(), setWindowRect: true, strictFileInteractability: false, timeouts: {implicit: 0, pageLoad: 300000, script: 30000}, unhandledPromptBehavior: dismiss and notify, webauthn:extension:credBlob: true, webauthn:extension:largeBlob: true, webauthn:virtualAuthenticators: true}
Session ID: b5eb30b6d5384ad819da6faf31224e2e
	at org.openqa.selenium.remote.http.W3CHttpResponseCodec.createException(W3CHttpResponseCodec.java:187)
	at org.openqa.selenium.remote.http.W3CHttpResponseCodec.decode(W3CHttpResponseCodec.java:122)
	at org.openqa.selenium.remote.http.W3CHttpResponseCodec.decode(W3CHttpResponseCodec.java:49)
	at org.openqa.selenium.remote.HttpCommandExecutor.execute(HttpCommandExecutor.java:158)
	at org.openqa.selenium.remote.service.DriverCommandExecutor.execute(DriverCommandExecutor.java:83)
	at org.openqa.selenium.remote.RemoteWebDriver.execute(RemoteWebDriver.java:552)
	at com.kms.katalon.selenium.driver.CChromeDriver.execute(CChromeDriver.java:19)
	at org.openqa.selenium.remote.RemoteWebElement.execute(RemoteWebElement.java:285)
	at org.openqa.selenium.remote.RemoteWebElement.click(RemoteWebElement.java:84)
	at org.openqa.selenium.support.events.EventFiringWebDriver$EventFiringWebElement.lambda$new$0(EventFiringWebDriver.java:404)
	at com.sun.proxy.$Proxy11.click(Unknown Source)
	at org.openqa.selenium.support.events.EventFiringWebDriver$EventFiringWebElement.click(EventFiringWebDriver.java:417)
	at org.openqa.selenium.WebElement$click.call(Unknown Source)
	at com.kms.katalon.core.webui.keyword.builtin.ClickKeyword.clickUntilSuccessWithTimeout(ClickKeyword.groovy:81)
	at com.kms.katalon.core.webui.keyword.builtin.ClickKeyword.clickUntilSuccessWithTimeout(ClickKeyword.groovy)
	at com.kms.katalon.core.webui.keyword.builtin.ClickKeyword$_click_closure1.doCall(ClickKeyword.groovy:67)
	at com.kms.katalon.core.webui.keyword.builtin.ClickKeyword$_click_closure1.call(ClickKeyword.groovy)
	at com.kms.katalon.core.webui.keyword.internal.WebUIKeywordMain.runKeyword(WebUIKeywordMain.groovy:20)
	... 19 more]]></system-err>
   </testsuite>
</testsuites>
